Jul-19 15:54:54.318 [main] DEBUG nextflow.cli.Launcher - $> nextflow run main.nf --query changethistext
Jul-19 15:54:54.407 [main] INFO  nextflow.cli.CmdRun - N E X T F L O W  ~  version 20.10.0
Jul-19 15:54:54.419 [main] INFO  nextflow.cli.CmdRun - Launching `main.nf` [distracted_descartes] - revision: 1c07e0eb58
Jul-19 15:54:54.440 [main] DEBUG nextflow.config.ConfigBuilder - Found config local: /Users/seunghyunkang/Steve_NEXTFLOW/nextflow.config
Jul-19 15:54:54.441 [main] DEBUG nextflow.config.ConfigBuilder - Parsing config file: /Users/seunghyunkang/Steve_NEXTFLOW/nextflow.config
Jul-19 15:54:54.463 [main] DEBUG nextflow.config.ConfigBuilder - Applying config profile: `standard`
Jul-19 15:54:54.951 [main] DEBUG nextflow.Session - Session uuid: 1127718c-f8fd-4101-b7ee-7b4f4fed6f9f
Jul-19 15:54:54.951 [main] DEBUG nextflow.Session - Run name: distracted_descartes
Jul-19 15:54:54.952 [main] DEBUG nextflow.Session - Executor pool size: 8
Jul-19 15:54:54.987 [main] DEBUG nextflow.cli.CmdRun - 
  Version: 20.10.0 build 5430
  Created: 01-11-2020 15:14 UTC (02-11-2020 00:14 KDT)
  System: Mac OS X 10.16
  Runtime: Groovy 3.0.5 on OpenJDK 64-Bit Server VM 11.0.6+8-b765.1
  Encoding: UTF-8 (UTF-8)
  Process: 54075@SeungHyuns-MacBook-Pro.local [127.0.0.1]
  CPUs: 8 - Mem: 16 GB (89.5 MB) - Swap: 2 GB (1 GB)
Jul-19 15:54:55.001 [main] DEBUG nextflow.Session - Work-dir: /Users/seunghyunkang/Steve_NEXTFLOW/work [Mac OS X]
Jul-19 15:54:55.001 [main] DEBUG nextflow.Session - Script base path does not exist or is not a directory: /Users/seunghyunkang/Steve_NEXTFLOW/bin
Jul-19 15:54:55.035 [main] DEBUG nextflow.Session - Observer factory: TowerFactory
Jul-19 15:54:55.037 [main] DEBUG nextflow.Session - Observer factory: DefaultObserverFactory
Jul-19 15:54:55.155 [main] DEBUG nextflow.Session - Session start invoked
Jul-19 15:54:55.316 [main] DEBUG nextflow.script.ScriptRunner - > Launching execution
Jul-19 15:54:55.330 [main] DEBUG nextflow.Session - Workflow process names [dsl1]: 
Jul-19 15:54:55.334 [main] DEBUG nextflow.script.ScriptRunner - > Await termination 
Jul-19 15:54:55.334 [main] DEBUG nextflow.Session - Session await
Jul-19 15:54:55.334 [main] DEBUG nextflow.Session - Session await > all process finished
Jul-19 15:54:55.334 [main] DEBUG nextflow.Session - Session await > all barriers passed
Jul-19 15:54:55.349 [main] DEBUG nextflow.trace.WorkflowStatsObserver - Workflow completed > WorkflowStats[succeededCount=0; failedCount=0; ignoredCount=0; cachedCount=0; pendingCount=0; submittedCount=0; runningCount=0; retriesCount=0; abortedCount=0; succeedDuration=0ms; failedDuration=0ms; cachedDuration=0ms;loadCpus=0; loadMemory=0; peakRunning=0; peakCpus=0; peakMemory=0; ]
Jul-19 15:54:55.388 [main] DEBUG nextflow.CacheDB - Closing CacheDB done
Jul-19 15:54:55.392 [main] DEBUG nextflow.util.SpuriousDeps - AWS S3 uploader shutdown
Jul-19 15:54:55.407 [main] DEBUG nextflow.script.ScriptRunner - > Execution complete -- Goodbye
